CRITICAL - 2024-04-16 11:55:50 --> Use of undefined constant MYSQLI_STORE_RESULT - assumed 'MYSQLI_STORE_RESULT' (this will throw an Error in a future version of PHP)
#0 /Applications/XAMPP/xamppfiles/htdocs/ERP-FINAL/system/Database/Database.php(136): CodeIgniter\Debug\Exceptions->errorHandler(2, 'Use of undefine...', '/Applications/X...', 136, Array)
#1 /Applications/XAMPP/xamppfiles/htdocs/ERP-FINAL/system/Database/Database.php(56): CodeIgniter\Database\Database->initDriver('MySQLi', 'CodeIgniter\\Dat...', Array)
#2 /Applications/XAMPP/xamppfiles/htdocs/ERP-FINAL/system/Database/Config.php(78): CodeIgniter\Database\Database->load(Array, 'default')
#3 /Applications/XAMPP/xamppfiles/htdocs/ERP-FINAL/system/Model.php(97): CodeIgniter\Database\Config::connect('default')
#4 /Applications/XAMPP/xamppfiles/htdocs/ERP-FINAL/app/Controllers/Data_pendaftaran.php(186): CodeIgniter\Model->__construct()
#5 /Applications/XAMPP/xamppfiles/htdocs/ERP-FINAL/system/CodeIgniter.php(832): App\Controllers\Data_pendaftaran->pendaftaran_baru()
#6 /Applications/XAMPP/xamppfiles/htdocs/ERP-FINAL/system/CodeIgniter.php(419): CodeIgniter\CodeIgniter->runController(Object(App\Controllers\Data_pendaftaran))
#7 /Applications/XAMPP/xamppfiles/htdocs/ERP-FINAL/system/CodeIgniter.php(326): CodeIgniter\CodeIgniter->handleRequest(NULL, Object(Config\Cache), false)
#8 /Applications/XAMPP/xamppfiles/htdocs/ERP-FINAL/public/index.php(37): CodeIgniter\CodeIgniter->run()
#9 /Applications/XAMPP/xamppfiles/htdocs/ERP-FINAL/system/Commands/Server/rewrite.php(43): require_once('/Applications/X...')
#10 {main}
CRITICAL - 2024-04-16 11:56:05 --> Use of undefined constant MYSQLI_STORE_RESULT - assumed 'MYSQLI_STORE_RESULT' (this will throw an Error in a future version of PHP)
#0 /Applications/XAMPP/xamppfiles/htdocs/ERP-FINAL/system/Database/Database.php(136): CodeIgniter\Debug\Exceptions->errorHandler(2, 'Use of undefine...', '/Applications/X...', 136, Array)
#1 /Applications/XAMPP/xamppfiles/htdocs/ERP-FINAL/system/Database/Database.php(56): CodeIgniter\Database\Database->initDriver('MySQLi', 'CodeIgniter\\Dat...', Array)
#2 /Applications/XAMPP/xamppfiles/htdocs/ERP-FINAL/system/Database/Config.php(78): CodeIgniter\Database\Database->load(Array, 'default')
#3 /Applications/XAMPP/xamppfiles/htdocs/ERP-FINAL/system/Model.php(97): CodeIgniter\Database\Config::connect('default')
#4 /Applications/XAMPP/xamppfiles/htdocs/ERP-FINAL/app/Controllers/Data_pendaftaran.php(186): CodeIgniter\Model->__construct()
#5 /Applications/XAMPP/xamppfiles/htdocs/ERP-FINAL/system/CodeIgniter.php(832): App\Controllers\Data_pendaftaran->pendaftaran_baru()
#6 /Applications/XAMPP/xamppfiles/htdocs/ERP-FINAL/system/CodeIgniter.php(419): CodeIgniter\CodeIgniter->runController(Object(App\Controllers\Data_pendaftaran))
#7 /Applications/XAMPP/xamppfiles/htdocs/ERP-FINAL/system/CodeIgniter.php(326): CodeIgniter\CodeIgniter->handleRequest(NULL, Object(Config\Cache), false)
#8 /Applications/XAMPP/xamppfiles/htdocs/ERP-FINAL/public/index.php(37): CodeIgniter\CodeIgniter->run()
#9 /Applications/XAMPP/xamppfiles/htdocs/ERP-FINAL/system/Commands/Server/rewrite.php(43): require_once('/Applications/X...')
#10 {main}
CRITICAL - 2024-04-16 11:57:42 --> Use of undefined constant MYSQLI_STORE_RESULT - assumed 'MYSQLI_STORE_RESULT' (this will throw an Error in a future version of PHP)
#0 /Applications/XAMPP/xamppfiles/htdocs/ERP-FINAL/system/Database/Database.php(136): CodeIgniter\Debug\Exceptions->errorHandler(2, 'Use of undefine...', '/Applications/X...', 136, Array)
#1 /Applications/XAMPP/xamppfiles/htdocs/ERP-FINAL/system/Database/Database.php(56): CodeIgniter\Database\Database->initDriver('MySQLi', 'CodeIgniter\\Dat...', Array)
#2 /Applications/XAMPP/xamppfiles/htdocs/ERP-FINAL/system/Database/Config.php(78): CodeIgniter\Database\Database->load(Array, 'default')
#3 /Applications/XAMPP/xamppfiles/htdocs/ERP-FINAL/system/Model.php(97): CodeIgniter\Database\Config::connect('default')
#4 /Applications/XAMPP/xamppfiles/htdocs/ERP-FINAL/app/Controllers/Landinpage/Home.php(32): CodeIgniter\Model->__construct()
#5 /Applications/XAMPP/xamppfiles/htdocs/ERP-FINAL/system/CodeIgniter.php(832): App\Controllers\landinpage\Home->aksi_login()
#6 /Applications/XAMPP/xamppfiles/htdocs/ERP-FINAL/system/CodeIgniter.php(419): CodeIgniter\CodeIgniter->runController(Object(App\Controllers\landinpage\Home))
#7 /Applications/XAMPP/xamppfiles/htdocs/ERP-FINAL/system/CodeIgniter.php(326): CodeIgniter\CodeIgniter->handleRequest(NULL, Object(Config\Cache), false)
#8 /Applications/XAMPP/xamppfiles/htdocs/ERP-FINAL/public/index.php(37): CodeIgniter\CodeIgniter->run()
#9 /Applications/XAMPP/xamppfiles/htdocs/ERP-FINAL/system/Commands/Server/rewrite.php(43): require_once('/Applications/X...')
#10 {main}
CRITICAL - 2024-04-16 11:58:49 --> Use of undefined constant MYSQLI_STORE_RESULT - assumed 'MYSQLI_STORE_RESULT' (this will throw an Error in a future version of PHP)
#0 /Applications/XAMPP/xamppfiles/htdocs/ERP-FINAL/system/Database/Database.php(136): CodeIgniter\Debug\Exceptions->errorHandler(2, 'Use of undefine...', '/Applications/X...', 136, Array)
#1 /Applications/XAMPP/xamppfiles/htdocs/ERP-FINAL/system/Database/Database.php(56): CodeIgniter\Database\Database->initDriver('MySQLi', 'CodeIgniter\\Dat...', Array)
#2 /Applications/XAMPP/xamppfiles/htdocs/ERP-FINAL/system/Database/Config.php(78): CodeIgniter\Database\Database->load(Array, 'default')
#3 /Applications/XAMPP/xamppfiles/htdocs/ERP-FINAL/system/Model.php(97): CodeIgniter\Database\Config::connect('default')
#4 /Applications/XAMPP/xamppfiles/htdocs/ERP-FINAL/app/Controllers/Landinpage/Home.php(32): CodeIgniter\Model->__construct()
#5 /Applications/XAMPP/xamppfiles/htdocs/ERP-FINAL/system/CodeIgniter.php(832): App\Controllers\landinpage\Home->aksi_login()
#6 /Applications/XAMPP/xamppfiles/htdocs/ERP-FINAL/system/CodeIgniter.php(419): CodeIgniter\CodeIgniter->runController(Object(App\Controllers\landinpage\Home))
#7 /Applications/XAMPP/xamppfiles/htdocs/ERP-FINAL/system/CodeIgniter.php(326): CodeIgniter\CodeIgniter->handleRequest(NULL, Object(Config\Cache), false)
#8 /Applications/XAMPP/xamppfiles/htdocs/ERP-FINAL/public/index.php(37): CodeIgniter\CodeIgniter->run()
#9 /Applications/XAMPP/xamppfiles/htdocs/ERP-FINAL/system/Commands/Server/rewrite.php(43): require_once('/Applications/X...')
#10 {main}
CRITICAL - 2024-04-16 11:59:08 --> Use of undefined constant MYSQLI_STORE_RESULT - assumed 'MYSQLI_STORE_RESULT' (this will throw an Error in a future version of PHP)
#0 /Applications/XAMPP/xamppfiles/htdocs/ERP-FINAL/system/Database/Database.php(136): CodeIgniter\Debug\Exceptions->errorHandler(2, 'Use of undefine...', '/Applications/X...', 136, Array)
#1 /Applications/XAMPP/xamppfiles/htdocs/ERP-FINAL/system/Database/Database.php(56): CodeIgniter\Database\Database->initDriver('MySQLi', 'CodeIgniter\\Dat...', Array)
#2 /Applications/XAMPP/xamppfiles/htdocs/ERP-FINAL/system/Database/Config.php(78): CodeIgniter\Database\Database->load(Array, 'default')
#3 /Applications/XAMPP/xamppfiles/htdocs/ERP-FINAL/system/Model.php(97): CodeIgniter\Database\Config::connect('default')
#4 /Applications/XAMPP/xamppfiles/htdocs/ERP-FINAL/app/Controllers/Landinpage/Home.php(32): CodeIgniter\Model->__construct()
#5 /Applications/XAMPP/xamppfiles/htdocs/ERP-FINAL/system/CodeIgniter.php(832): App\Controllers\landinpage\Home->aksi_login()
#6 /Applications/XAMPP/xamppfiles/htdocs/ERP-FINAL/system/CodeIgniter.php(419): CodeIgniter\CodeIgniter->runController(Object(App\Controllers\landinpage\Home))
#7 /Applications/XAMPP/xamppfiles/htdocs/ERP-FINAL/system/CodeIgniter.php(326): CodeIgniter\CodeIgniter->handleRequest(NULL, Object(Config\Cache), false)
#8 /Applications/XAMPP/xamppfiles/htdocs/ERP-FINAL/public/index.php(37): CodeIgniter\CodeIgniter->run()
#9 /Applications/XAMPP/xamppfiles/htdocs/ERP-FINAL/system/Commands/Server/rewrite.php(43): require_once('/Applications/X...')
#10 {main}
CRITICAL - 2024-04-16 07:05:12 --> Call to undefined function CodeIgniter\locale_set_default()
#0 /Applications/XAMPP/xamppfiles/htdocs/ERP-FINAL/system/bootstrap.php(146): CodeIgniter\CodeIgniter->initialize()
#1 /Applications/XAMPP/xamppfiles/htdocs/ERP-FINAL/spark(45): require('/Applications/X...')
#2 {main}
CRITICAL - 2024-04-16 07:08:48 --> Call to undefined function CodeIgniter\locale_set_default()
#0 /Applications/XAMPP/xamppfiles/htdocs/ERP-FINAL/system/bootstrap.php(146): CodeIgniter\CodeIgniter->initialize()
#1 /Applications/XAMPP/xamppfiles/htdocs/ERP-FINAL/spark(45): require('/Applications/X...')
#2 {main}
CRITICAL - 2024-04-16 07:09:20 --> Call to undefined function CodeIgniter\locale_set_default()
#0 /Applications/XAMPP/xamppfiles/htdocs/ERP-FINAL/system/bootstrap.php(146): CodeIgniter\CodeIgniter->initialize()
#1 /Applications/XAMPP/xamppfiles/htdocs/ERP-FINAL/spark(45): require('/Applications/X...')
#2 {main}
CRITICAL - 2024-04-16 07:09:39 --> Call to undefined function CodeIgniter\locale_set_default()
#0 /Applications/XAMPP/xamppfiles/htdocs/ERP-FINAL/system/bootstrap.php(146): CodeIgniter\CodeIgniter->initialize()
#1 /Applications/XAMPP/xamppfiles/htdocs/ERP-FINAL/spark(45): require('/Applications/X...')
#2 {main}
CRITICAL - 2024-04-16 13:09:58 --> Use of undefined constant MYSQLI_STORE_RESULT - assumed 'MYSQLI_STORE_RESULT' (this will throw an Error in a future version of PHP)
#0 /Applications/XAMPP/xamppfiles/htdocs/ERP-FINAL/system/Database/Database.php(136): CodeIgniter\Debug\Exceptions->errorHandler(2, 'Use of undefine...', '/Applications/X...', 136, Array)
#1 /Applications/XAMPP/xamppfiles/htdocs/ERP-FINAL/system/Database/Database.php(56): CodeIgniter\Database\Database->initDriver('MySQLi', 'CodeIgniter\\Dat...', Array)
#2 /Applications/XAMPP/xamppfiles/htdocs/ERP-FINAL/system/Database/Config.php(78): CodeIgniter\Database\Database->load(Array, 'default')
#3 /Applications/XAMPP/xamppfiles/htdocs/ERP-FINAL/system/Model.php(97): CodeIgniter\Database\Config::connect('default')
#4 /Applications/XAMPP/xamppfiles/htdocs/ERP-FINAL/app/Controllers/Landinpage/Home.php(32): CodeIgniter\Model->__construct()
#5 /Applications/XAMPP/xamppfiles/htdocs/ERP-FINAL/system/CodeIgniter.php(832): App\Controllers\landinpage\Home->aksi_login()
#6 /Applications/XAMPP/xamppfiles/htdocs/ERP-FINAL/system/CodeIgniter.php(419): CodeIgniter\CodeIgniter->runController(Object(App\Controllers\landinpage\Home))
#7 /Applications/XAMPP/xamppfiles/htdocs/ERP-FINAL/system/CodeIgniter.php(326): CodeIgniter\CodeIgniter->handleRequest(NULL, Object(Config\Cache), false)
#8 /Applications/XAMPP/xamppfiles/htdocs/ERP-FINAL/public/index.php(37): CodeIgniter\CodeIgniter->run()
#9 /Applications/XAMPP/xamppfiles/htdocs/ERP-FINAL/system/Commands/Server/rewrite.php(43): require_once('/Applications/X...')
#10 {main}
CRITICAL - 2024-04-16 13:14:29 --> Use of undefined constant MYSQLI_STORE_RESULT - assumed 'MYSQLI_STORE_RESULT' (this will throw an Error in a future version of PHP)
#0 /Applications/XAMPP/xamppfiles/htdocs/ERP-FINAL/system/Database/Database.php(136): CodeIgniter\Debug\Exceptions->errorHandler(2, 'Use of undefine...', '/Applications/X...', 136, Array)
#1 /Applications/XAMPP/xamppfiles/htdocs/ERP-FINAL/system/Database/Database.php(56): CodeIgniter\Database\Database->initDriver('MySQLi', 'CodeIgniter\\Dat...', Array)
#2 /Applications/XAMPP/xamppfiles/htdocs/ERP-FINAL/system/Database/Config.php(78): CodeIgniter\Database\Database->load(Array, 'default')
#3 /Applications/XAMPP/xamppfiles/htdocs/ERP-FINAL/system/Model.php(97): CodeIgniter\Database\Config::connect('default')
#4 /Applications/XAMPP/xamppfiles/htdocs/ERP-FINAL/app/Controllers/Landinpage/Home.php(32): CodeIgniter\Model->__construct()
#5 /Applications/XAMPP/xamppfiles/htdocs/ERP-FINAL/system/CodeIgniter.php(832): App\Controllers\landinpage\Home->aksi_login()
#6 /Applications/XAMPP/xamppfiles/htdocs/ERP-FINAL/system/CodeIgniter.php(419): CodeIgniter\CodeIgniter->runController(Object(App\Controllers\landinpage\Home))
#7 /Applications/XAMPP/xamppfiles/htdocs/ERP-FINAL/system/CodeIgniter.php(326): CodeIgniter\CodeIgniter->handleRequest(NULL, Object(Config\Cache), false)
#8 /Applications/XAMPP/xamppfiles/htdocs/ERP-FINAL/public/index.php(37): CodeIgniter\CodeIgniter->run()
#9 /Applications/XAMPP/xamppfiles/htdocs/ERP-FINAL/system/Commands/Server/rewrite.php(43): require_once('/Applications/X...')
#10 {main}
CRITICAL - 2024-04-16 13:15:02 --> Use of undefined constant MYSQLI_STORE_RESULT - assumed 'MYSQLI_STORE_RESULT' (this will throw an Error in a future version of PHP)
#0 /Applications/XAMPP/xamppfiles/htdocs/ERP-FINAL/system/Database/Database.php(136): CodeIgniter\Debug\Exceptions->errorHandler(2, 'Use of undefine...', '/Applications/X...', 136, Array)
#1 /Applications/XAMPP/xamppfiles/htdocs/ERP-FINAL/system/Database/Database.php(56): CodeIgniter\Database\Database->initDriver('MySQLi', 'CodeIgniter\\Dat...', Array)
#2 /Applications/XAMPP/xamppfiles/htdocs/ERP-FINAL/system/Database/Config.php(78): CodeIgniter\Database\Database->load(Array, 'default')
#3 /Applications/XAMPP/xamppfiles/htdocs/ERP-FINAL/system/Model.php(97): CodeIgniter\Database\Config::connect('default')
#4 /Applications/XAMPP/xamppfiles/htdocs/ERP-FINAL/app/Controllers/Landinpage/Home.php(32): CodeIgniter\Model->__construct()
#5 /Applications/XAMPP/xamppfiles/htdocs/ERP-FINAL/system/CodeIgniter.php(832): App\Controllers\landinpage\Home->aksi_login()
#6 /Applications/XAMPP/xamppfiles/htdocs/ERP-FINAL/system/CodeIgniter.php(419): CodeIgniter\CodeIgniter->runController(Object(App\Controllers\landinpage\Home))
#7 /Applications/XAMPP/xamppfiles/htdocs/ERP-FINAL/system/CodeIgniter.php(326): CodeIgniter\CodeIgniter->handleRequest(NULL, Object(Config\Cache), false)
#8 /Applications/XAMPP/xamppfiles/htdocs/ERP-FINAL/public/index.php(37): CodeIgniter\CodeIgniter->run()
#9 /Applications/XAMPP/xamppfiles/htdocs/ERP-FINAL/system/Commands/Server/rewrite.php(43): require_once('/Applications/X...')
#10 {main}
CRITICAL - 2024-04-16 13:15:06 --> Use of undefined constant MYSQLI_STORE_RESULT - assumed 'MYSQLI_STORE_RESULT' (this will throw an Error in a future version of PHP)
#0 /Applications/XAMPP/xamppfiles/htdocs/ERP-FINAL/system/Database/Database.php(136): CodeIgniter\Debug\Exceptions->errorHandler(2, 'Use of undefine...', '/Applications/X...', 136, Array)
#1 /Applications/XAMPP/xamppfiles/htdocs/ERP-FINAL/system/Database/Database.php(56): CodeIgniter\Database\Database->initDriver('MySQLi', 'CodeIgniter\\Dat...', Array)
#2 /Applications/XAMPP/xamppfiles/htdocs/ERP-FINAL/system/Database/Config.php(78): CodeIgniter\Database\Database->load(Array, 'default')
#3 /Applications/XAMPP/xamppfiles/htdocs/ERP-FINAL/system/Model.php(97): CodeIgniter\Database\Config::connect('default')
#4 /Applications/XAMPP/xamppfiles/htdocs/ERP-FINAL/app/Controllers/Landinpage/Home.php(32): CodeIgniter\Model->__construct()
#5 /Applications/XAMPP/xamppfiles/htdocs/ERP-FINAL/system/CodeIgniter.php(832): App\Controllers\landinpage\Home->aksi_login()
#6 /Applications/XAMPP/xamppfiles/htdocs/ERP-FINAL/system/CodeIgniter.php(419): CodeIgniter\CodeIgniter->runController(Object(App\Controllers\landinpage\Home))
#7 /Applications/XAMPP/xamppfiles/htdocs/ERP-FINAL/system/CodeIgniter.php(326): CodeIgniter\CodeIgniter->handleRequest(NULL, Object(Config\Cache), false)
#8 /Applications/XAMPP/xamppfiles/htdocs/ERP-FINAL/public/index.php(37): CodeIgniter\CodeIgniter->run()
#9 /Applications/XAMPP/xamppfiles/htdocs/ERP-FINAL/system/Commands/Server/rewrite.php(43): require_once('/Applications/X...')
#10 {main}
CRITICAL - 2024-04-16 13:15:38 --> Use of undefined constant MYSQLI_STORE_RESULT - assumed 'MYSQLI_STORE_RESULT' (this will throw an Error in a future version of PHP)
#0 /Applications/XAMPP/xamppfiles/htdocs/ERP-FINAL/system/Database/Database.php(136): CodeIgniter\Debug\Exceptions->errorHandler(2, 'Use of undefine...', '/Applications/X...', 136, Array)
#1 /Applications/XAMPP/xamppfiles/htdocs/ERP-FINAL/system/Database/Database.php(56): CodeIgniter\Database\Database->initDriver('MySQLi', 'CodeIgniter\\Dat...', Array)
#2 /Applications/XAMPP/xamppfiles/htdocs/ERP-FINAL/system/Database/Config.php(78): CodeIgniter\Database\Database->load(Array, 'default')
#3 /Applications/XAMPP/xamppfiles/htdocs/ERP-FINAL/system/Model.php(97): CodeIgniter\Database\Config::connect('default')
#4 /Applications/XAMPP/xamppfiles/htdocs/ERP-FINAL/app/Controllers/Landinpage/Home.php(32): CodeIgniter\Model->__construct()
#5 /Applications/XAMPP/xamppfiles/htdocs/ERP-FINAL/system/CodeIgniter.php(832): App\Controllers\landinpage\Home->aksi_login()
#6 /Applications/XAMPP/xamppfiles/htdocs/ERP-FINAL/system/CodeIgniter.php(419): CodeIgniter\CodeIgniter->runController(Object(App\Controllers\landinpage\Home))
#7 /Applications/XAMPP/xamppfiles/htdocs/ERP-FINAL/system/CodeIgniter.php(326): CodeIgniter\CodeIgniter->handleRequest(NULL, Object(Config\Cache), false)
#8 /Applications/XAMPP/xamppfiles/htdocs/ERP-FINAL/public/index.php(37): CodeIgniter\CodeIgniter->run()
#9 /Applications/XAMPP/xamppfiles/htdocs/ERP-FINAL/system/Commands/Server/rewrite.php(43): require_once('/Applications/X...')
#10 {main}
CRITICAL - 2024-04-16 13:15:39 --> Use of undefined constant MYSQLI_STORE_RESULT - assumed 'MYSQLI_STORE_RESULT' (this will throw an Error in a future version of PHP)
#0 /Applications/XAMPP/xamppfiles/htdocs/ERP-FINAL/system/Database/Database.php(136): CodeIgniter\Debug\Exceptions->errorHandler(2, 'Use of undefine...', '/Applications/X...', 136, Array)
#1 /Applications/XAMPP/xamppfiles/htdocs/ERP-FINAL/system/Database/Database.php(56): CodeIgniter\Database\Database->initDriver('MySQLi', 'CodeIgniter\\Dat...', Array)
#2 /Applications/XAMPP/xamppfiles/htdocs/ERP-FINAL/system/Database/Config.php(78): CodeIgniter\Database\Database->load(Array, 'default')
#3 /Applications/XAMPP/xamppfiles/htdocs/ERP-FINAL/system/Model.php(97): CodeIgniter\Database\Config::connect('default')
#4 /Applications/XAMPP/xamppfiles/htdocs/ERP-FINAL/app/Controllers/Landinpage/Home.php(32): CodeIgniter\Model->__construct()
#5 /Applications/XAMPP/xamppfiles/htdocs/ERP-FINAL/system/CodeIgniter.php(832): App\Controllers\landinpage\Home->aksi_login()
#6 /Applications/XAMPP/xamppfiles/htdocs/ERP-FINAL/system/CodeIgniter.php(419): CodeIgniter\CodeIgniter->runController(Object(App\Controllers\landinpage\Home))
#7 /Applications/XAMPP/xamppfiles/htdocs/ERP-FINAL/system/CodeIgniter.php(326): CodeIgniter\CodeIgniter->handleRequest(NULL, Object(Config\Cache), false)
#8 /Applications/XAMPP/xamppfiles/htdocs/ERP-FINAL/public/index.php(37): CodeIgniter\CodeIgniter->run()
#9 /Applications/XAMPP/xamppfiles/htdocs/ERP-FINAL/system/Commands/Server/rewrite.php(43): require_once('/Applications/X...')
#10 {main}
CRITICAL - 2024-04-16 13:15:41 --> Use of undefined constant MYSQLI_STORE_RESULT - assumed 'MYSQLI_STORE_RESULT' (this will throw an Error in a future version of PHP)
#0 /Applications/XAMPP/xamppfiles/htdocs/ERP-FINAL/system/Database/Database.php(136): CodeIgniter\Debug\Exceptions->errorHandler(2, 'Use of undefine...', '/Applications/X...', 136, Array)
#1 /Applications/XAMPP/xamppfiles/htdocs/ERP-FINAL/system/Database/Database.php(56): CodeIgniter\Database\Database->initDriver('MySQLi', 'CodeIgniter\\Dat...', Array)
#2 /Applications/XAMPP/xamppfiles/htdocs/ERP-FINAL/system/Database/Config.php(78): CodeIgniter\Database\Database->load(Array, 'default')
#3 /Applications/XAMPP/xamppfiles/htdocs/ERP-FINAL/system/Model.php(97): CodeIgniter\Database\Config::connect('default')
#4 /Applications/XAMPP/xamppfiles/htdocs/ERP-FINAL/app/Controllers/Landinpage/Home.php(32): CodeIgniter\Model->__construct()
#5 /Applications/XAMPP/xamppfiles/htdocs/ERP-FINAL/system/CodeIgniter.php(832): App\Controllers\landinpage\Home->aksi_login()
#6 /Applications/XAMPP/xamppfiles/htdocs/ERP-FINAL/system/CodeIgniter.php(419): CodeIgniter\CodeIgniter->runController(Object(App\Controllers\landinpage\Home))
#7 /Applications/XAMPP/xamppfiles/htdocs/ERP-FINAL/system/CodeIgniter.php(326): CodeIgniter\CodeIgniter->handleRequest(NULL, Object(Config\Cache), false)
#8 /Applications/XAMPP/xamppfiles/htdocs/ERP-FINAL/public/index.php(37): CodeIgniter\CodeIgniter->run()
#9 /Applications/XAMPP/xamppfiles/htdocs/ERP-FINAL/system/Commands/Server/rewrite.php(43): require_once('/Applications/X...')
#10 {main}
CRITICAL - 2024-04-16 13:19:30 --> Use of undefined constant MYSQLI_STORE_RESULT - assumed 'MYSQLI_STORE_RESULT' (this will throw an Error in a future version of PHP)
#0 /Applications/XAMPP/xamppfiles/htdocs/ERP-FINAL/system/Database/Database.php(136): CodeIgniter\Debug\Exceptions->errorHandler(2, 'Use of undefine...', '/Applications/X...', 136, Array)
#1 /Applications/XAMPP/xamppfiles/htdocs/ERP-FINAL/system/Database/Database.php(56): CodeIgniter\Database\Database->initDriver('MySQLi', 'CodeIgniter\\Dat...', Array)
#2 /Applications/XAMPP/xamppfiles/htdocs/ERP-FINAL/system/Database/Config.php(78): CodeIgniter\Database\Database->load(Array, 'default')
#3 /Applications/XAMPP/xamppfiles/htdocs/ERP-FINAL/system/Model.php(97): CodeIgniter\Database\Config::connect('default')
#4 /Applications/XAMPP/xamppfiles/htdocs/ERP-FINAL/app/Controllers/Landinpage/Home.php(32): CodeIgniter\Model->__construct()
#5 /Applications/XAMPP/xamppfiles/htdocs/ERP-FINAL/system/CodeIgniter.php(832): App\Controllers\landinpage\Home->aksi_login()
#6 /Applications/XAMPP/xamppfiles/htdocs/ERP-FINAL/system/CodeIgniter.php(419): CodeIgniter\CodeIgniter->runController(Object(App\Controllers\landinpage\Home))
#7 /Applications/XAMPP/xamppfiles/htdocs/ERP-FINAL/system/CodeIgniter.php(326): CodeIgniter\CodeIgniter->handleRequest(NULL, Object(Config\Cache), false)
#8 /Applications/XAMPP/xamppfiles/htdocs/ERP-FINAL/public/index.php(37): CodeIgniter\CodeIgniter->run()
#9 /Applications/XAMPP/xamppfiles/htdocs/ERP-FINAL/system/Commands/Server/rewrite.php(43): require_once('/Applications/X...')
#10 {main}
ERROR - 2024-04-16 13:26:40 --> Error connecting to the database: No such file or directory
CRITICAL - 2024-04-16 13:26:40 --> Unable to connect to the database.
Main connection [MySQLi]: No such file or directory
#0 /Applications/XAMPP/xamppfiles/htdocs/ERP-FINAL/system/Database/BaseConnection.php(577): CodeIgniter\Database\BaseConnection->initialize()
#1 /Applications/XAMPP/xamppfiles/htdocs/ERP-FINAL/system/Database/BaseBuilder.php(1588): CodeIgniter\Database\BaseConnection->query('SELECT *\nFROM `...', Array, false)
#2 /Applications/XAMPP/xamppfiles/htdocs/ERP-FINAL/app/Models/landinpage/M_model.php(31): CodeIgniter\Database\BaseBuilder->getWhere(Array)
#3 /Applications/XAMPP/xamppfiles/htdocs/ERP-FINAL/app/Controllers/Landinpage/Home.php(38): App\Models\landinpage\M_model->getWhere2('user', Array)
#4 /Applications/XAMPP/xamppfiles/htdocs/ERP-FINAL/system/CodeIgniter.php(832): App\Controllers\landinpage\Home->aksi_login()
#5 /Applications/XAMPP/xamppfiles/htdocs/ERP-FINAL/system/CodeIgniter.php(419): CodeIgniter\CodeIgniter->runController(Object(App\Controllers\landinpage\Home))
#6 /Applications/XAMPP/xamppfiles/htdocs/ERP-FINAL/system/CodeIgniter.php(326): CodeIgniter\CodeIgniter->handleRequest(NULL, Object(Config\Cache), false)
#7 /Applications/XAMPP/xamppfiles/htdocs/ERP-FINAL/public/index.php(37): CodeIgniter\CodeIgniter->run()
#8 /Applications/XAMPP/xamppfiles/htdocs/ERP-FINAL/system/Commands/Server/rewrite.php(43): require_once('/Applications/X...')
#9 {main}
CRITICAL - 2024-04-16 16:16:18 --> Invalid file: partial/header.php
#0 /Applications/XAMPP/xamppfiles/htdocs/ERP-Solo/system/View/View.php(198): CodeIgniter\Exceptions\FrameworkException::forInvalidFile('partial/header....')
#1 /Applications/XAMPP/xamppfiles/htdocs/ERP-Solo/system/Common.php(1089): CodeIgniter\View\View->render('partial/header', Array, true)
#2 /Applications/XAMPP/xamppfiles/htdocs/ERP-Solo/app/Controllers/Dashboard.php(19): view('partial/header', Array)
#3 /Applications/XAMPP/xamppfiles/htdocs/ERP-Solo/system/CodeIgniter.php(832): App\Controllers\Dashboard->index()
#4 /Applications/XAMPP/xamppfiles/htdocs/ERP-Solo/system/CodeIgniter.php(419): CodeIgniter\CodeIgniter->runController(Object(App\Controllers\Dashboard))
#5 /Applications/XAMPP/xamppfiles/htdocs/ERP-Solo/system/CodeIgniter.php(326): CodeIgniter\CodeIgniter->handleRequest(NULL, Object(Config\Cache), false)
#6 /Applications/XAMPP/xamppfiles/htdocs/ERP-Solo/public/index.php(37): CodeIgniter\CodeIgniter->run()
#7 /Applications/XAMPP/xamppfiles/htdocs/ERP-Solo/system/Commands/Server/rewrite.php(43): require_once('/Applications/X...')
#8 {main}
CRITICAL - 2024-04-16 16:22:55 --> Invalid file: partial/side_menu2.php
#0 /Applications/XAMPP/xamppfiles/htdocs/ERP-Solo/system/View/View.php(198): CodeIgniter\Exceptions\FrameworkException::forInvalidFile('partial/side_me...')
#1 /Applications/XAMPP/xamppfiles/htdocs/ERP-Solo/system/Common.php(1089): CodeIgniter\View\View->render('partial/side_me...', Array, true)
#2 /Applications/XAMPP/xamppfiles/htdocs/ERP-Solo/app/Controllers/Dashboard2.php(22): view('partial/side_me...')
#3 /Applications/XAMPP/xamppfiles/htdocs/ERP-Solo/system/CodeIgniter.php(832): App\Controllers\Dashboard2->index()
#4 /Applications/XAMPP/xamppfiles/htdocs/ERP-Solo/system/CodeIgniter.php(419): CodeIgniter\CodeIgniter->runController(Object(App\Controllers\Dashboard2))
#5 /Applications/XAMPP/xamppfiles/htdocs/ERP-Solo/system/CodeIgniter.php(326): CodeIgniter\CodeIgniter->handleRequest(NULL, Object(Config\Cache), false)
#6 /Applications/XAMPP/xamppfiles/htdocs/ERP-Solo/public/index.php(37): CodeIgniter\CodeIgniter->run()
#7 /Applications/XAMPP/xamppfiles/htdocs/ERP-Solo/system/Commands/Server/rewrite.php(43): require_once('/Applications/X...')
#8 {main}
CRITICAL - 2024-04-16 16:48:11 --> syntax error, unexpected '}', expecting end of file
#0 /Applications/XAMPP/xamppfiles/htdocs/ERP-Solo/system/View/View.php(213): CodeIgniter\View\View->CodeIgniter\View\{closure}()
#1 /Applications/XAMPP/xamppfiles/htdocs/ERP-Solo/system/Common.php(1089): CodeIgniter\View\View->render('landinpage/dash...', Array, true)
#2 /Applications/XAMPP/xamppfiles/htdocs/ERP-Solo/app/Controllers/Landinpage/Home.php(57): view('landinpage/dash...')
#3 /Applications/XAMPP/xamppfiles/htdocs/ERP-Solo/system/CodeIgniter.php(832): App\Controllers\landinpage\Home->dashboard()
#4 /Applications/XAMPP/xamppfiles/htdocs/ERP-Solo/system/CodeIgniter.php(419): CodeIgniter\CodeIgniter->runController(Object(App\Controllers\landinpage\Home))
#5 /Applications/XAMPP/xamppfiles/htdocs/ERP-Solo/system/CodeIgniter.php(326): CodeIgniter\CodeIgniter->handleRequest(NULL, Object(Config\Cache), false)
#6 /Applications/XAMPP/xamppfiles/htdocs/ERP-Solo/public/index.php(37): CodeIgniter\CodeIgniter->run()
#7 /Applications/XAMPP/xamppfiles/htdocs/ERP-Solo/system/Commands/Server/rewrite.php(43): require_once('/Applications/X...')
#8 {main}
CRITICAL - 2024-04-16 17:42:42 --> syntax error, unexpected 'echo' (T_ECHO)
#0 /Applications/XAMPP/xamppfiles/htdocs/ERP-Solo/system/View/View.php(213): CodeIgniter\View\View->CodeIgniter\View\{closure}()
#1 /Applications/XAMPP/xamppfiles/htdocs/ERP-Solo/system/Common.php(1089): CodeIgniter\View\View->render('landinpage/dash...', Array, true)
#2 /Applications/XAMPP/xamppfiles/htdocs/ERP-Solo/app/Controllers/Landinpage/Home.php(57): view('landinpage/dash...')
#3 /Applications/XAMPP/xamppfiles/htdocs/ERP-Solo/system/CodeIgniter.php(832): App\Controllers\landinpage\Home->dashboard()
#4 /Applications/XAMPP/xamppfiles/htdocs/ERP-Solo/system/CodeIgniter.php(419): CodeIgniter\CodeIgniter->runController(Object(App\Controllers\landinpage\Home))
#5 /Applications/XAMPP/xamppfiles/htdocs/ERP-Solo/system/CodeIgniter.php(326): CodeIgniter\CodeIgniter->handleRequest(NULL, Object(Config\Cache), false)
#6 /Applications/XAMPP/xamppfiles/htdocs/ERP-Solo/public/index.php(37): CodeIgniter\CodeIgniter->run()
#7 /Applications/XAMPP/xamppfiles/htdocs/ERP-Solo/system/Commands/Server/rewrite.php(43): require_once('/Applications/X...')
#8 {main}
CRITICAL - 2024-04-16 18:39:33 --> syntax error, unexpected 'assets_landing_page' (T_STRING), expecting ')'
#0 /Applications/XAMPP/xamppfiles/htdocs/ERP-Solo/system/View/View.php(213): CodeIgniter\View\View->CodeIgniter\View\{closure}()
#1 /Applications/XAMPP/xamppfiles/htdocs/ERP-Solo/system/Common.php(1089): CodeIgniter\View\View->render('landinpage/dash...', Array, true)
#2 /Applications/XAMPP/xamppfiles/htdocs/ERP-Solo/app/Controllers/Landinpage/Home.php(57): view('landinpage/dash...')
#3 /Applications/XAMPP/xamppfiles/htdocs/ERP-Solo/system/CodeIgniter.php(832): App\Controllers\landinpage\Home->dashboard()
#4 /Applications/XAMPP/xamppfiles/htdocs/ERP-Solo/system/CodeIgniter.php(419): CodeIgniter\CodeIgniter->runController(Object(App\Controllers\landinpage\Home))
#5 /Applications/XAMPP/xamppfiles/htdocs/ERP-Solo/system/CodeIgniter.php(326): CodeIgniter\CodeIgniter->handleRequest(NULL, Object(Config\Cache), false)
#6 /Applications/XAMPP/xamppfiles/htdocs/ERP-Solo/public/index.php(37): CodeIgniter\CodeIgniter->run()
#7 /Applications/XAMPP/xamppfiles/htdocs/ERP-Solo/system/Commands/Server/rewrite.php(43): require_once('/Applications/X...')
#8 {main}
CRITICAL - 2024-04-16 18:49:32 --> No such file or directory
#0 /Applications/XAMPP/xamppfiles/htdocs/ERP-Solo/app/Views/voting/diagram.php(51): mysqli_connect('localhost', 'root', '', 'erp_kevin')
#1 /Applications/XAMPP/xamppfiles/htdocs/ERP-Solo/system/View/View.php(210): include('/Applications/X...')
#2 /Applications/XAMPP/xamppfiles/htdocs/ERP-Solo/system/View/View.php(213): CodeIgniter\View\View->CodeIgniter\View\{closure}()
#3 /Applications/XAMPP/xamppfiles/htdocs/ERP-Solo/system/Common.php(1089): CodeIgniter\View\View->render('voting/diagram', Array, true)
#4 /Applications/XAMPP/xamppfiles/htdocs/ERP-Solo/app/Controllers/Voting/Hasil.php(131): view('voting/diagram')
#5 /Applications/XAMPP/xamppfiles/htdocs/ERP-Solo/system/CodeIgniter.php(832): App\Controllers\voting\Hasil->diagram()
#6 /Applications/XAMPP/xamppfiles/htdocs/ERP-Solo/system/CodeIgniter.php(419): CodeIgniter\CodeIgniter->runController(Object(App\Controllers\voting\Hasil))
#7 /Applications/XAMPP/xamppfiles/htdocs/ERP-Solo/system/CodeIgniter.php(326): CodeIgniter\CodeIgniter->handleRequest(NULL, Object(Config\Cache), false)
#8 /Applications/XAMPP/xamppfiles/htdocs/ERP-Solo/public/index.php(37): CodeIgniter\CodeIgniter->run()
#9 /Applications/XAMPP/xamppfiles/htdocs/ERP-Solo/system/Commands/Server/rewrite.php(43): require_once('/Applications/X...')
#10 {main}
