CRITICAL - 2024-04-21 15:55:07 --> Argument 2 passed to view() must be of the type array, null given, called in C:\xampp\htdocs\ERP-Kevin\app\Controllers\Ruangan.php on line 188
#0 C:\xampp\htdocs\ERP-Kevin\app\Controllers\Ruangan.php(188): view('partial/header_...', NULL)
#1 C:\xampp\htdocs\ERP-Kevin\system\CodeIgniter.php(832): App\Controllers\Ruangan->edit_kelas('16')
#2 C:\xampp\htdocs\ERP-Kevin\system\CodeIgniter.php(419): CodeIgniter\CodeIgniter->runController(Object(App\Controllers\Ruangan))
#3 C:\xampp\htdocs\ERP-Kevin\system\CodeIgniter.php(326): CodeIgniter\CodeIgniter->handleRequest(NULL, Object(Config\Cache), false)
#4 C:\xampp\htdocs\ERP-Kevin\public\index.php(37): CodeIgniter\CodeIgniter->run()
#5 C:\xampp\htdocs\ERP-Kevin\system\Commands\Server\rewrite.php(43): require_once('C:\\xampp\\htdocs...')
#6 {main}
CRITICAL - 2024-04-21 15:55:19 --> Argument 2 passed to view() must be of the type array, null given, called in C:\xampp\htdocs\ERP-Kevin\app\Controllers\Ruangan.php on line 188
#0 C:\xampp\htdocs\ERP-Kevin\app\Controllers\Ruangan.php(188): view('partial/header_...', NULL)
#1 C:\xampp\htdocs\ERP-Kevin\system\CodeIgniter.php(832): App\Controllers\Ruangan->edit_kelas('16')
#2 C:\xampp\htdocs\ERP-Kevin\system\CodeIgniter.php(419): CodeIgniter\CodeIgniter->runController(Object(App\Controllers\Ruangan))
#3 C:\xampp\htdocs\ERP-Kevin\system\CodeIgniter.php(326): CodeIgniter\CodeIgniter->handleRequest(NULL, Object(Config\Cache), false)
#4 C:\xampp\htdocs\ERP-Kevin\public\index.php(37): CodeIgniter\CodeIgniter->run()
#5 C:\xampp\htdocs\ERP-Kevin\system\Commands\Server\rewrite.php(43): require_once('C:\\xampp\\htdocs...')
#6 {main}
CRITICAL - 2024-04-21 15:56:14 --> Argument 2 passed to view() must be of the type array, null given, called in C:\xampp\htdocs\ERP-Kevin\app\Controllers\Ruangan.php on line 188
#0 C:\xampp\htdocs\ERP-Kevin\app\Controllers\Ruangan.php(188): view('partial/header_...', NULL)
#1 C:\xampp\htdocs\ERP-Kevin\system\CodeIgniter.php(832): App\Controllers\Ruangan->edit_kelas('15')
#2 C:\xampp\htdocs\ERP-Kevin\system\CodeIgniter.php(419): CodeIgniter\CodeIgniter->runController(Object(App\Controllers\Ruangan))
#3 C:\xampp\htdocs\ERP-Kevin\system\CodeIgniter.php(326): CodeIgniter\CodeIgniter->handleRequest(NULL, Object(Config\Cache), false)
#4 C:\xampp\htdocs\ERP-Kevin\public\index.php(37): CodeIgniter\CodeIgniter->run()
#5 C:\xampp\htdocs\ERP-Kevin\system\Commands\Server\rewrite.php(43): require_once('C:\\xampp\\htdocs...')
#6 {main}
CRITICAL - 2024-04-21 15:56:16 --> Argument 2 passed to view() must be of the type array, null given, called in C:\xampp\htdocs\ERP-Kevin\app\Controllers\Ruangan.php on line 188
#0 C:\xampp\htdocs\ERP-Kevin\app\Controllers\Ruangan.php(188): view('partial/header_...', NULL)
#1 C:\xampp\htdocs\ERP-Kevin\system\CodeIgniter.php(832): App\Controllers\Ruangan->edit_kelas('15')
#2 C:\xampp\htdocs\ERP-Kevin\system\CodeIgniter.php(419): CodeIgniter\CodeIgniter->runController(Object(App\Controllers\Ruangan))
#3 C:\xampp\htdocs\ERP-Kevin\system\CodeIgniter.php(326): CodeIgniter\CodeIgniter->handleRequest(NULL, Object(Config\Cache), false)
#4 C:\xampp\htdocs\ERP-Kevin\public\index.php(37): CodeIgniter\CodeIgniter->run()
#5 C:\xampp\htdocs\ERP-Kevin\system\Commands\Server\rewrite.php(43): require_once('C:\\xampp\\htdocs...')
#6 {main}
CRITICAL - 2024-04-21 15:59:14 --> Argument 2 passed to view() must be of the type array, null given, called in C:\xampp\htdocs\ERP-Kevin\app\Controllers\Ruangan.php on line 108
#0 C:\xampp\htdocs\ERP-Kevin\app\Controllers\Ruangan.php(108): view('partial/header_...', NULL)
#1 C:\xampp\htdocs\ERP-Kevin\system\CodeIgniter.php(832): App\Controllers\Ruangan->tambah_jurusan()
#2 C:\xampp\htdocs\ERP-Kevin\system\CodeIgniter.php(419): CodeIgniter\CodeIgniter->runController(Object(App\Controllers\Ruangan))
#3 C:\xampp\htdocs\ERP-Kevin\system\CodeIgniter.php(326): CodeIgniter\CodeIgniter->handleRequest(NULL, Object(Config\Cache), false)
#4 C:\xampp\htdocs\ERP-Kevin\public\index.php(37): CodeIgniter\CodeIgniter->run()
#5 C:\xampp\htdocs\ERP-Kevin\system\Commands\Server\rewrite.php(43): require_once('C:\\xampp\\htdocs...')
#6 {main}
CRITICAL - 2024-04-21 15:59:44 --> Argument 2 passed to view() must be of the type array, null given, called in C:\xampp\htdocs\ERP-Kevin\app\Controllers\Ruangan.php on line 108
#0 C:\xampp\htdocs\ERP-Kevin\app\Controllers\Ruangan.php(108): view('partial/header_...', NULL)
#1 C:\xampp\htdocs\ERP-Kevin\system\CodeIgniter.php(832): App\Controllers\Ruangan->tambah_jurusan()
#2 C:\xampp\htdocs\ERP-Kevin\system\CodeIgniter.php(419): CodeIgniter\CodeIgniter->runController(Object(App\Controllers\Ruangan))
#3 C:\xampp\htdocs\ERP-Kevin\system\CodeIgniter.php(326): CodeIgniter\CodeIgniter->handleRequest(NULL, Object(Config\Cache), false)
#4 C:\xampp\htdocs\ERP-Kevin\public\index.php(37): CodeIgniter\CodeIgniter->run()
#5 C:\xampp\htdocs\ERP-Kevin\system\Commands\Server\rewrite.php(43): require_once('C:\\xampp\\htdocs...')
#6 {main}
CRITICAL - 2024-04-21 17:51:58 --> Too few arguments to function App\Controllers\Data_pengguna::edit(), 0 passed in C:\xampp\htdocs\ERP-Kevin\system\CodeIgniter.php on line 832 and exactly 1 expected
#0 C:\xampp\htdocs\ERP-Kevin\system\CodeIgniter.php(832): App\Controllers\Data_pengguna->edit()
#1 C:\xampp\htdocs\ERP-Kevin\system\CodeIgniter.php(419): CodeIgniter\CodeIgniter->runController(Object(App\Controllers\Data_pengguna))
#2 C:\xampp\htdocs\ERP-Kevin\system\CodeIgniter.php(326): CodeIgniter\CodeIgniter->handleRequest(NULL, Object(Config\Cache), false)
#3 C:\xampp\htdocs\ERP-Kevin\public\index.php(37): CodeIgniter\CodeIgniter->run()
#4 C:\xampp\htdocs\ERP-Kevin\system\Commands\Server\rewrite.php(43): require_once('C:\\xampp\\htdocs...')
#5 {main}
CRITICAL - 2024-04-21 18:33:48 --> Too few arguments to function App\Controllers\Data_pengguna::edit(), 0 passed in C:\xampp\htdocs\ERP-Kevin\system\CodeIgniter.php on line 832 and exactly 1 expected
#0 C:\xampp\htdocs\ERP-Kevin\system\CodeIgniter.php(832): App\Controllers\Data_pengguna->edit()
#1 C:\xampp\htdocs\ERP-Kevin\system\CodeIgniter.php(419): CodeIgniter\CodeIgniter->runController(Object(App\Controllers\Data_pengguna))
#2 C:\xampp\htdocs\ERP-Kevin\system\CodeIgniter.php(326): CodeIgniter\CodeIgniter->handleRequest(NULL, Object(Config\Cache), false)
#3 C:\xampp\htdocs\ERP-Kevin\public\index.php(37): CodeIgniter\CodeIgniter->run()
#4 C:\xampp\htdocs\ERP-Kevin\system\Commands\Server\rewrite.php(43): require_once('C:\\xampp\\htdocs...')
#5 {main}
CRITICAL - 2024-04-21 18:40:14 --> Call to undefined method CodeIgniter\HTTP\URI::getAbsoluteURL()
#0 C:\xampp\htdocs\ERP-Kevin\system\CodeIgniter.php(832): App\Controllers\Data_pengguna->edit('6')
#1 C:\xampp\htdocs\ERP-Kevin\system\CodeIgniter.php(419): CodeIgniter\CodeIgniter->runController(Object(App\Controllers\Data_pengguna))
#2 C:\xampp\htdocs\ERP-Kevin\system\CodeIgniter.php(326): CodeIgniter\CodeIgniter->handleRequest(NULL, Object(Config\Cache), false)
#3 C:\xampp\htdocs\ERP-Kevin\public\index.php(37): CodeIgniter\CodeIgniter->run()
#4 C:\xampp\htdocs\ERP-Kevin\system\Commands\Server\rewrite.php(43): require_once('C:\\xampp\\htdocs...')
#5 {main}
CRITICAL - 2024-04-21 19:30:27 --> count(): Parameter must be an array or an object that implements Countable
#0 [internal function]: CodeIgniter\Debug\Exceptions->errorHandler(2, 'count(): Parame...', 'C:\\xampp\\htdocs...', 86, Array)
#1 C:\xampp\htdocs\ERP-Kevin\app\Controllers\Nilai.php(86): count(NULL)
#2 C:\xampp\htdocs\ERP-Kevin\system\CodeIgniter.php(832): App\Controllers\nilai->aksi_tambah_nilai()
#3 C:\xampp\htdocs\ERP-Kevin\system\CodeIgniter.php(419): CodeIgniter\CodeIgniter->runController(Object(App\Controllers\nilai))
#4 C:\xampp\htdocs\ERP-Kevin\system\CodeIgniter.php(326): CodeIgniter\CodeIgniter->handleRequest(NULL, Object(Config\Cache), false)
#5 C:\xampp\htdocs\ERP-Kevin\public\index.php(37): CodeIgniter\CodeIgniter->run()
#6 C:\xampp\htdocs\ERP-Kevin\system\Commands\Server\rewrite.php(43): require_once('C:\\xampp\\htdocs...')
#7 {main}
CRITICAL - 2024-04-21 19:32:22 --> Class 'App\Models\ModelNilai' not found
#0 C:\xampp\htdocs\ERP-Kevin\system\CodeIgniter.php(832): App\Controllers\nilai->aksi_tambah_nilai()
#1 C:\xampp\htdocs\ERP-Kevin\system\CodeIgniter.php(419): CodeIgniter\CodeIgniter->runController(Object(App\Controllers\nilai))
#2 C:\xampp\htdocs\ERP-Kevin\system\CodeIgniter.php(326): CodeIgniter\CodeIgniter->handleRequest(NULL, Object(Config\Cache), false)
#3 C:\xampp\htdocs\ERP-Kevin\public\index.php(37): CodeIgniter\CodeIgniter->run()
#4 C:\xampp\htdocs\ERP-Kevin\system\Commands\Server\rewrite.php(43): require_once('C:\\xampp\\htdocs...')
#5 {main}
ERROR - 2024-04-21 21:00:17 --> Table 'erp_kevin.siswa' doesn't exist
CRITICAL - 2024-04-21 21:00:17 --> Call to a member function getResult() on bool
#0 C:\xampp\htdocs\ERP-Kevin\app\Controllers\Data_siswa.php(25): App\Models\universal\M_siswa->getAllPData()
#1 C:\xampp\htdocs\ERP-Kevin\system\CodeIgniter.php(832): App\Controllers\Data_siswa->index()
#2 C:\xampp\htdocs\ERP-Kevin\system\CodeIgniter.php(419): CodeIgniter\CodeIgniter->runController(Object(App\Controllers\Data_siswa))
#3 C:\xampp\htdocs\ERP-Kevin\system\CodeIgniter.php(326): CodeIgniter\CodeIgniter->handleRequest(NULL, Object(Config\Cache), false)
#4 C:\xampp\htdocs\ERP-Kevin\public\index.php(37): CodeIgniter\CodeIgniter->run()
#5 C:\xampp\htdocs\ERP-Kevin\system\Commands\Server\rewrite.php(43): require_once('C:\\xampp\\htdocs...')
#6 {main}
ERROR - 2024-04-21 23:09:07 --> Unknown column 'user_delete' in 'field list'
ERROR - 2024-04-21 23:09:09 --> Unknown column 'user_delete' in 'field list'
